c:\users\tan\documents\visual studio 2013\projects\contra\contra\debug\vc120.pdb
c:\users\tan\documents\visual studio 2013\projects\contra\contra\debug\vc120.idb
c:\users\tan\documents\visual studio 2013\projects\contra\contra\debug\animation.obj
c:\users\tan\documents\visual studio 2013\projects\contra\contra\debug\ball.obj
c:\users\tan\documents\visual studio 2013\projects\contra\contra\debug\ballfactory.obj
c:\users\tan\documents\visual studio 2013\projects\contra\contra\debug\bullet.obj
c:\users\tan\documents\visual studio 2013\projects\contra\contra\debug\bulletfactory.obj
c:\users\tan\documents\visual studio 2013\projects\contra\contra\debug\gamescene.obj
c:\users\tan\documents\visual studio 2013\projects\contra\contra\debug\input.obj
c:\users\tan\documents\visual studio 2013\projects\contra\contra\debug\main.obj
c:\users\tan\documents\visual studio 2013\projects\contra\contra\debug\objectfactory.obj
c:\users\tan\documents\visual studio 2013\projects\contra\contra\debug\objectgame.obj
c:\users\tan\documents\visual studio 2013\projects\contra\contra\debug\point.obj
c:\users\tan\documents\visual studio 2013\projects\contra\contra\debug\sprite.obj
c:\users\tan\documents\visual studio 2013\projects\contra\contra\debug\spritemanager.obj
c:\users\tan\documents\visual studio 2013\projects\contra\contra\debug\texturemanager.obj
c:\users\tan\documents\visual studio 2013\projects\contra\contra\debug\zombie.obj
c:\users\tan\documents\visual studio 2013\projects\contra\contra\debug\zombiefactory.obj
c:\users\tan\documents\visual studio 2013\projects\contra\contra\debug\contra.tlog\cl.command.1.tlog
c:\users\tan\documents\visual studio 2013\projects\contra\contra\debug\contra.tlog\cl.read.1.tlog
c:\users\tan\documents\visual studio 2013\projects\contra\contra\debug\contra.tlog\cl.write.1.tlog
